<?xml version="1.0" encoding="UTF-8"?>
<!-- Generated by org.testng.reporters.JUnitReportReporter -->
<testsuite hostname="DESKTOP-SP7DDNA" failures="0" tests="4" name="javastream.Test2" time="277.204" errors="0" timestamp="2025-02-16T11:51:18 IST" skipped="0">
  <testcase classname="javastream.Test2" name="findPrice" time="3.183"/>
  <testcase classname="javastream.Test2" name="pagination" time="4.452"/>
  <testcase classname="javastream.Test2" name="table" time="3.472"/>
  <testcase classname="javastream.Test2" name="filter" time="266.097"/>
</testsuite> <!-- javastream.Test2 -->
