<?xml version="1.0" encoding="UTF-8"?>
<!-- Generated by org.testng.reporters.JUnitReportReporter -->
<testsuite hostname="DESKTOP-SP7DDNA" failures="0" tests="9" name="javastream.Test1" time="0.122" errors="0" timestamp="2025-02-14T12:40:07 IST" skipped="0">
  <testcase classname="javastream.Test1" name="streamfilter6" time="0.015"/>
  <testcase classname="javastream.Test1" name="regular" time="0.019"/>
  <testcase classname="javastream.Test1" name="streamFilter3" time="0.006"/>
  <testcase classname="javastream.Test1" name="streamfilter" time="0.004"/>
  <testcase classname="javastream.Test1" name="streamfilter1" time="0.005"/>
  <testcase classname="javastream.Test1" name="streamfilter5" time="0.009"/>
  <testcase classname="javastream.Test1" name="streamfilter4" time="0.008"/>
  <testcase classname="javastream.Test1" name="stramfilter2" time="0.012"/>
  <testcase classname="javastream.Test1" name="streamnumber" time="0.044"/>
</testsuite> <!-- javastream.Test1 -->
